glossar: 55 DE-Terme
  uid   1 'Toma gigapíxel' slug=toma-gigapixel ok
  uid   2 'Stitching' slug=stitching ok
  uid   3 'Terapíxel' slug=terapixel ok
  uid   4 'Multiviewpoint-Gigapixel' slug=multiviewpoint-gigapixel ok
  uid   5 'HDR-Gigapixel con movimiento' slug=hdr-gigapixel-con-movimiento ok
  uid   6 'Producción en serie Gigapixel' slug=produccion-en-serie-gigapixel ok
  uid   7 'Focus-Stacking Gran Formato' slug=focus-stacking-gran-formato ok
  uid   8 'Resolución en megapíxeles' slug=resolucion-en-megapixeles ok
  uid   9 'Panorama-Stitching' slug=panorama-stitching ok
  uid  10 'Artefactos de stitching' slug=artefactos-de-stitching ok
  uid  11 'Error de paralaje' slug=error-de-paralaje ok
  uid  12 'Punto nodal' slug=punto-nodal ok
  uid  13 'Técnica HDR' slug=tecnica-hdr ok
  uid  14 'Bracketing' slug=bracketing ok
  uid  15 'Flujo de trabajo RAW' slug=flujo-de-trabajo-raw ok
  uid  16 'Pixelpitch' slug=pixelpitch ok
  uid  17 'DPI en impresión de gran formato' slug=dpi-en-impresion-de-gran-formato ok
  uid  18 'PPI vs DPI' slug=ppi-vs-dpi ok
  uid  19 'Resolución por m²' slug=resolucion-por-m2 ok
  uid  20 'Distancia de observación' slug=distancia-de-observacion ok
  uid  21 'Impresión de gran formato' slug=impresion-de-gran-formato ok
  uid  22 'Color-Management' slug=color-management ok
  uid  23 'Perfil ICC' slug=perfil-icc ok
  uid  24 'Espacio de color (sRGB / AdobeRGB ' slug=espacio-de-color-srgb-adobergb-p3 ok
  uid  25 'Preimpresión' slug=preimpresion ok
  uid  26 'Pirámide de teselas' slug=piramide-de-teselas ok
  uid  27 'Deep-Zoom' slug=deep-zoom ok
  uid  28 'Techo tensado (impresión gran form' slug=techo-tensado-impresion-gran-formato ok
  uid  29 'Uso del filtro polarizador' slug=uso-del-filtro-polarizador ok
  uid  59 'Profundidad de campo' slug=profundidad-de-campo ok
  uid  60 'Distancia hiperfocal' slug=distancia-hiperfocal ok
  uid  61 'Desenfoque por difracción' slug=desenfoque-por-difraccion ok
  uid  62 'Aberración cromática' slug=aberracion-cromatica ok
  uid  63 'Viñeteo' slug=vineteo ok
  uid  64 'Balance de blancos' slug=balance-de-blancos ok
  uid  65 'ISO / Ruido de imagen' slug=iso-ruido-de-imagen ok
  uid  66 'Rango dinámico' slug=rango-dinamico ok
  uid  67 'Bracketing de enfoque' slug=bracketing-de-enfoque ok
  uid  68 'Tamaño de sensor / Factor de recor' slug=tamano-de-sensor-factor-de-recorte ok
  uid  69 'Cabezal panorámico' slug=cabezal-panoramico ok
  uid  70 'Tonemapping' slug=tonemapping ok
  uid  71 'Poder de resolución' slug=poder-de-resolucion ok
  uid  72 'Escalado por IA / Interpolación' slug=escalado-por-ia-interpolacion ok
  uid  73 'Gigapixel-Viewer / Zoomify' slug=gigapixel-viewer-zoomify ok
  uid  74 'Búsqueda de imágenes por embedding' slug=busqueda-de-imagenes-por-embedding ok
  uid  75 'Método Terapíxel' slug=metodo-terapixel ok
  uid  93 'Impresión UV' slug=impresion-uv ok
  uid  94 'Impresión látex' slug=impresion-latex ok
  uid  95 'Impresión por sublimación' slug=impresion-por-sublimacion ok
  uid  96 'Alu-Dibond' slug=alu-dibond ok
  uid  97 'Acrílico / Impresión tras cristal ' slug=acrilico-impresion-tras-cristal-acrilico ok
  uid  98 'Impresión en lienzo' slug=impresion-en-lienzo ok
  uid  99 'Cuadro acústico' slug=cuadro-acustico ok
  uid 100 'Fotomural' slug=fotomural ok
  uid 101 'Gráfica para construcción de stand' slug=grafica-para-construccion-de-stands ok

=== Summary: {'ok': 55, 'flagged': 0} | Slug-Kollisionen: KEINE ===
